TN:
SF:src\app.js
FN:30,(anonymous_0)
FN:42,(anonymous_1)
FNF:2
FNH:0
FNDA:0,(anonymous_0)
FNDA:0,(anonymous_1)
DA:3,2
DA:4,2
DA:5,2
DA:6,2
DA:7,2
DA:8,2
DA:13,2
DA:15,2
DA:18,2
DA:21,2
DA:24,2
DA:25,2
DA:26,2
DA:27,2
DA:30,2
DA:31,0
DA:42,2
DA:45,0
DA:46,0
DA:49,0
DA:50,0
DA:53,0
DA:63,2
LF:23
LH:17
BRDA:45,0,0,0
BRDA:45,0,1,0
BRDA:46,1,0,0
BRDA:46,1,1,0
BRDA:49,2,0,0
BRDA:49,2,1,0
BRF:6
BRH:0
end_of_record
TN:
SF:src\logger.js
FNF:0
FNH:0
DA:5,2
DA:8,2
DA:10,2
DA:20,2
LF:4
LH:4
BRDA:5,0,0,2
BRDA:5,0,1,0
BRDA:8,1,0,2
BRDA:8,1,1,0
BRF:4
BRH:2
end_of_record
TN:
SF:src\response.js
FN:1,(anonymous_0)
FN:11,(anonymous_1)
FNF:2
FNH:2
FNDA:2,(anonymous_0)
FNDA:1,(anonymous_1)
DA:1,1
DA:3,2
DA:4,1
DA:6,1
DA:11,1
DA:12,1
LF:6
LH:6
BRDA:3,0,0,1
BRDA:3,0,1,1
BRF:2
BRH:2
end_of_record
TN:
SF:src\auth\basic-auth.js
FN:19,(anonymous_0)
FN:28,(anonymous_1)
FNF:2
FNH:2
FNDA:2,(anonymous_0)
FNDA:2,(anonymous_1)
DA:6,2
DA:7,2
DA:8,2
DA:9,2
DA:12,2
DA:13,0
DA:17,2
DA:19,2
DA:22,2
DA:28,2
LF:10
LH:9
BRDA:12,0,0,0
BRDA:12,0,1,2
BRF:2
BRH:1
end_of_record
TN:
SF:src\auth\index.js
FNF:0
FNH:0
DA:7,2
DA:12,0
DA:18,2
DA:19,0
DA:22,2
DA:23,2
DA:27,0
LF:7
LH:4
BRDA:7,0,0,0
BRDA:7,0,1,2
BRDA:8,1,0,2
BRDA:8,1,1,0
BRDA:8,1,2,0
BRDA:18,2,0,0
BRDA:18,2,1,2
BRDA:18,3,0,2
BRDA:18,3,1,0
BRDA:22,4,0,2
BRDA:22,4,1,0
BRDA:22,5,0,2
BRDA:22,5,1,2
BRF:13
BRH:7
end_of_record
TN:
SF:src\routes\index.js
FN:7,(anonymous_0)
FNF:1
FNH:1
FNDA:4,(anonymous_0)
DA:2,2
DA:3,2
DA:4,2
DA:5,2
DA:7,2
DA:9,4
DA:11,4
DA:19,2
DA:21,2
LF:9
LH:9
BRF:0
BRH:0
end_of_record
TN:
SF:src\routes\api\get.js
FN:6,(anonymous_0)
FNF:1
FNH:1
FNDA:1,(anonymous_0)
DA:6,2
DA:8,1
LF:2
LH:2
BRF:0
BRH:0
end_of_record
TN:
SF:src\routes\api\index.js
FNF:0
FNH:0
DA:2,2
DA:3,2
DA:7,2
DA:9,2
LF:4
LH:4
BRF:0
BRH:0
end_of_record
